
t?qw?{~}u{ou~p?id=log
t?qw?{~}wot{sid=about
t?qw/{~mu{/pzp?id=contact
t?qw?{~}wot{st
t?qw?{~}u{oup?id=contact
t?qw?{~}}opp?id=about
t?qw/{~mu{/qxp?id=log
0
0
0
0
0
}t?qw?{t=|o49
}t?qw?{~}wou{sid=log
}t?qw?{~}uou~p?id=contact
}t?qw/{~mu/u{p?id=about
}t?qw/{~mu/u~p
}t?qw?{~}wouyst
}t?qw?{~}uou|p?id=contact
}t?qw?{~}}oyp?id=about
}t?qw/vut?m~|ex.php
}t?qw/{~mux/pyp
t?qw/y~mw}/pzp
0
0
t?qw?y|=wwo
t?qw?y|=wwo{
t?qw?y~}w~op?id=gbook
t?qw?y}w{o{p?id=gbook
t?qw?y}w~o{p?id=gbook
t?qw?y}w~o{p?id=gbook
t?qw?y}wzo{p?id=gbook
t?qw?y}wzo{p?id=gbook
t?qw?y}wzop?id=gbook
t?qw?y}w~op?id=gbook
t?qw?y}wo{p?id=gbook
t?qw?y}wop?id=gbook
t?qw?y}w~op?id=gbook
t?qw?y}w~o{p?id=gbook
t?qw?y}wop?id=gbook
t?qw?y}wop?id=gbook
t?qw?y}wop?id=gbook
t?qw?y}wzop?id=gbook
t?qw?y}wzop?id=gbook
t?qw?y}wzop?id=gbook
0
t?qw/19-23-40
t?qw?y}wot}st
t?qw?y}w{o{p?id=contact
t?qw?y}wzo{p?id=contact
t?qw?y}wzo{p?id=contact
t?qw?y}w{o{p?id=contact
t?qw?y}wzop?id=contact
t?qw?y}wzo{p?id=contact
t?qw?y}w~o{p?id=contact
t?qw?y}wop?id=contact
t?qw?y}wo{p?id=contact
t?qw?y}w{o{p?id=contact
t?qw?y}w~op?id=contact
t?qw?y}wo{p?id=contact
t?qw?y}w~op?id=contact
t?qw?y}wzop?id=contact
t?qw?y}wzo{p?id=contact
t?qw?{~}wzo{p?id=contact
t?qw?{~}wzop?id=contact
t?qw?{~}wzo{p?id=contact
t?qw?{~}w{o{p?id=contact
t?qw?{~}wzop?id=contact
t?qw?{~}wzop?id=contact
}t?qw?y}w~o{p?id=contact
}t?qw?y}wop?id=contact
}t?qw?y}wzop?id=contact
}t?qw?y}wzop?id=contact
}t?qw?y}w{o{p?id=contact
}t?qw?y}wzop?id=contact
}t?qw?y}w{o{p?id=contact
}t?qw?y}w{op?id=contact
}t?qw?y}w{o{p?id=contact
}t?qw?y}wzop?id=contact
}t?qw?y}w{op?id=contact
}t?qw?y}w~o{p?id=contact
}t?qw?y}wo{p?id=contact
}t?qw?y}wo{p?id=contact
}t?qw?y}w~o{p?id=contact
}t?qw?y}w{op?id=contact
}t?qw?y}w{op?id=contact
}t?qw?y}w~op?id=contact
}t?qw?y}wzop?id=contact
}t?qw?y}wzo{p?id=contact
}t?qw?y}w{op?id=contact
}t?qw?y}w{op?id=contact
}t?qw?{~}wzo{p?id=contact
}t?qw?{~}w{o{p?id=contact
}t?qw?{~}w{op?id=contact
}t?qw?{~}wzo{p?id=contact
}t?qw?{~}wzo{p?id=contact
}t?qw?{~}wzo{p?id=contact
}t?qw?{~}w{o{p?id=contact
}t?qw?{~}w~op?id=contact
}t?qw?{~}w~op?id=contact
}t?qw?{~}w~op?id=contact
}t?qw?{~}wzop?id=contact
}t?qw?{~}w{o{p?id=contact
}t?qw?{~}wo{p?id=contact
}t?qw?{~}w~op?id=contact
}t?qw?{~}w~op?id=contact
}t?qw?{~}wop?id=contact
}t?qw?{~}wzo{p?id=contact
0
0
0
}t?qw?{~}wzo{vml=wbook&del=5
}t?qw?{~}w{o{vml=wbook&del=1
}t?qw?{~}w{o{vml=wbook&del=1
}t?qw?{~}w{ovml=wbook&del=1
0
0
}t?qw?{t=wwo
}t?qw?{~}wovml=wbook
}t?qw?{~}wzo{vml=wbook
}t?qw?{~}wzovml=gbook&del=1
}t?qw?{~}w{ovml=gbook&del=1
}t?qw?{~}wzovml=gbook&del=1
}t?qw?{~}w{o{vml=gbook&del=1
}t?qw?{~}wzo{vml=gbook&del=
}t?qw?{~}wzovml=gbook&del=
}t?qw?{~}w{o{vml=wrook&del=
}t?qw?{~}w~o{vml=wrook&del=
}t?qw?{~}wo{vml}wg{&del=10
}t?qw?{~}wo{vml}wg{&del=10
}t?qw?{~}wovml}wg{&delete=10
}t?qw?{~}wzovml}wg{&delete=10
}t?qw?{~}w{ovml}wg{&delete=10
}t?qw?{~}w{o{vml}wgk&delete=10
}t?qw?{~}w{o{vml}wgk&delete=9
0
0
0
}t?qw?{t=w{o{
}t?qw?{~}w{o{p?id=gbook
}t?qw?{~}wzo{p?id=gbook
}t?qw?{~}wzo{p?id=gbook
}t?qw?{~}wzop?id=gbook
}t?qw?{~}w{o{vml}wg{
}t?qw?{~}wzo{vml}wg{&delete=12
0
}t?qw?yt=wwo{
}t?qw?yt=wwo{
0
0
0
}t?qw?y}=w{o{
0